<?xml version="1.0" encoding="UTF-8"?>
<!-- Generated by org.testng.reporters.JUnitReportReporter -->
<testsuite hostname="MWEB-GBD3DUC041" name="login.BeforeLogin" tests="1" failures="0" timestamp="16 Jun 2016 10:34:51 GMT" time="44.805" errors="0">
  <testcase name="login" time="44.805" classname="login.BeforeLogin"/>
</testsuite> <!-- login.BeforeLogin -->
