<?xml version="1.0" encoding="UTF-8"?>
<!-- Generated by org.testng.reporters.JUnitReportReporter -->
<testsuite hostname="MWEB-GBD3DUC041" name="login.BeforeLogin" tests="1" failures="0" timestamp="7 Jun 2016 12:55:14 GMT" time="34.211" errors="0">
  <testcase name="login" time="34.211" classname="login.BeforeLogin"/>
</testsuite> <!-- login.BeforeLogin -->
